<?xml version="1.0" encoding="UTF-8"?>
<!-- Generated by org.testng.reporters.JUnitXMLReporter -->
<testsuite ignored="11" hostname="HOME-ONE" failures="0" tests="0" time="0.019" errors="0" timestamp="2025-10-18T01:02:27 PDT">
  <testcase classname="com.qa.webdriver.WebDriverWrapperTest" name="testScrollToElement" time="0.0">
    <ignored/>
  </testcase> <!-- testScrollToElement -->
  <testcase classname="com.qa.webdriver.WebDriverWrapperTest" name="testDropdownSelection" time="0.0">
    <ignored/>
  </testcase> <!-- testDropdownSelection -->
  <testcase classname="com.qa.webdriver.WebDriverWrapperTest" name="testAlertHandling" time="0.0">
    <ignored/>
  </testcase> <!-- testAlertHandling -->
  <testcase classname="com.qa.webdriver.WebDriverWrapperTest" name="testClickAndLogin" time="0.0">
    <ignored/>
  </testcase> <!-- testClickAndLogin -->
  <testcase classname="com.qa.webdriver.WebDriverWrapperTest" name="testElementFinding" time="0.0">
    <ignored/>
  </testcase> <!-- testElementFinding -->
  <testcase classname="com.qa.webdriver.WebDriverWrapperTest" name="testPromptAlert" time="0.0">
    <ignored/>
  </testcase> <!-- testPromptAlert -->
  <testcase classname="com.qa.webdriver.WebDriverWrapperTest" name="testWaitMethods" time="0.0">
    <ignored/>
  </testcase> <!-- testWaitMethods -->
  <testcase classname="com.qa.webdriver.WebDriverWrapperTest" name="testNavigationMethods" time="0.0">
    <ignored/>
  </testcase> <!-- testNavigationMethods -->
  <testcase classname="com.qa.webdriver.WebDriverWrapperTest" name="testCheckboxes" time="0.0">
    <ignored/>
  </testcase> <!-- testCheckboxes -->
  <testcase classname="com.qa.webdriver.WebDriverWrapperTest" name="testConfirmAlert" time="0.0">
    <ignored/>
  </testcase> <!-- testConfirmAlert -->
  <testcase classname="com.qa.webdriver.WebDriverWrapperTest" name="testTextInput" time="0.0">
    <ignored/>
  </testcase> <!-- testTextInput -->
</testsuite>
